TN:
SF:script/Deploy.s.sol
DA:41,0
FN:41,Deploy.setUp
FNDA:0,Deploy.setUp
DA:43,0
DA:44,0
DA:47,0
DA:48,0
DA:51,0
DA:53,0
DA:54,0
DA:55,0
DA:56,0
DA:57,0
DA:58,0
DA:59,0
DA:62,0
FN:62,Deploy.run
FNDA:0,Deploy.run
DA:63,0
DA:65,0
DA:68,0
DA:69,0
DA:70,0
DA:71,0
DA:74,0
DA:75,0
DA:76,0
DA:77,0
DA:78,0
DA:81,0
DA:82,0
DA:84,0
DA:85,0
DA:88,0
DA:89,0
DA:90,0
DA:91,0
DA:93,0
DA:96,0
DA:97,0
DA:100,0
DA:102,0
DA:103,0
DA:104,0
DA:105,0
DA:106,0
DA:107,0
DA:108,0
DA:109,0
DA:110,0
DA:111,0
DA:112,0
DA:115,0
FN:115,Deploy.verifyDeployment
FNDA:0,Deploy.verifyDeployment
DA:116,0
DA:119,0
BRDA:119,0,0,-
BRDA:119,0,1,-
DA:120,0
BRDA:120,1,0,-
BRDA:120,1,1,-
DA:121,0
BRDA:121,2,0,-
BRDA:121,2,1,-
DA:122,0
DA:125,0
BRDA:125,3,0,-
BRDA:125,3,1,-
DA:126,0
BRDA:126,4,0,-
BRDA:126,4,1,-
DA:127,0
BRDA:127,5,0,-
BRDA:127,5,1,-
DA:128,0
BRDA:128,6,0,-
BRDA:128,6,1,-
DA:129,0
BRDA:129,7,0,-
BRDA:129,7,1,-
DA:130,0
BRDA:130,8,0,-
BRDA:130,8,1,-
DA:131,0
DA:134,0
BRDA:134,9,0,-
BRDA:134,9,1,-
DA:135,0
DA:137,0
DA:140,0
FN:140,Deploy.saveDeploymentAddresses
FNDA:0,Deploy.saveDeploymentAddresses
DA:141,0
DA:143,0
DA:144,0
DA:145,0
DA:146,0
DA:147,0
DA:148,0
DA:150,0
DA:151,0
DA:152,0
DA:154,0
DA:155,0
DA:156,0
FNF:4
FNH:0
LF:78
LH:0
BRF:20
BRH:0
end_of_record
TN:
SF:src/BatchRegistry.sol
DA:106,0
FN:106,BatchRegistry.onlyOwner
FNDA:0,BatchRegistry.onlyOwner
DA:107,0
DA:112,775
FN:112,BatchRegistry.onlySequencer
FNDA:775,BatchRegistry.onlySequencer
DA:113,775
DA:118,1
FN:118,BatchRegistry.whenNotPaused
FNDA:1,BatchRegistry.whenNotPaused
DA:119,1
DA:124,6
FN:124,BatchRegistry._onlyOwner
FNDA:6,BatchRegistry._onlyOwner
DA:125,6
BRDA:125,0,0,2
BRDA:125,0,1,4
DA:129,775
FN:129,BatchRegistry._onlySequencer
FNDA:775,BatchRegistry._onlySequencer
DA:130,775
BRDA:130,1,0,1
BRDA:130,1,1,774
DA:134,1543
FN:134,BatchRegistry._whenNotPaused
FNDA:1543,BatchRegistry._whenNotPaused
DA:135,1543
BRDA:135,2,0,1
BRDA:135,2,1,1542
DA:145,26
FN:145,BatchRegistry.constructor
FNDA:26,BatchRegistry.constructor
DA:146,26
BRDA:146,3,0,1
BRDA:146,3,1,25
DA:147,25
BRDA:147,4,0,1
BRDA:147,4,1,24
DA:148,24
BRDA:148,5,0,1
BRDA:148,5,1,23
DA:149,23
BRDA:149,6,0,1
BRDA:149,6,1,22
DA:154,22
DA:155,22
DA:156,22
DA:157,22
DA:158,22
DA:159,22
DA:180,775
FN:180,BatchRegistry.registerBatch
FNDA:775,BatchRegistry.registerBatch
DA:190,773
BRDA:190,7,0,-
BRDA:190,7,1,773
DA:191,773
BRDA:191,8,0,-
BRDA:191,8,1,773
DA:192,773
BRDA:192,9,0,-
BRDA:192,9,1,773
DA:193,773
BRDA:193,10,0,1
BRDA:193,10,1,772
DA:196,772
BRDA:196,11,0,1
BRDA:196,11,1,771
DA:199,771
DA:200,771
BRDA:200,12,0,-
BRDA:200,12,1,771
DA:203,771
DA:206,771
BRDA:206,13,0,-
BRDA:206,13,1,771
DA:207,771
BRDA:207,14,0,-
BRDA:207,14,1,771
DA:208,771
BRDA:208,15,0,-
BRDA:208,15,1,771
DA:211,771
DA:212,771
BRDA:212,16,0,1
BRDA:212,16,1,770
DA:215,770
DA:225,770
DA:226,770
DA:227,770
DA:229,770
DA:231,770
DA:240,768
FN:240,BatchRegistry.finalizeBatch
FNDA:768,BatchRegistry.finalizeBatch
DA:241,768
DA:243,768
BRDA:243,17,0,1
BRDA:243,17,1,767
DA:244,767
BRDA:244,18,0,1
BRDA:244,18,1,766
DA:247,766
BRDA:247,19,0,507
DA:248,507
BRDA:248,20,0,1
BRDA:248,20,1,506
DA:254,765
DA:257,765
DA:259,765
DA:270,1
FN:270,BatchRegistry.challengeBatch
FNDA:1,BatchRegistry.challengeBatch
DA:271,1
DA:272,1
BRDA:272,21,0,-
BRDA:272,21,1,1
DA:275,1
DA:277,1
DA:285,4
FN:285,BatchRegistry.getBatch
FNDA:4,BatchRegistry.getBatch
DA:286,4
BRDA:286,22,0,-
BRDA:286,22,1,4
DA:287,4
DA:295,0
FN:295,BatchRegistry.getBatchNumber
FNDA:0,BatchRegistry.getBatchNumber
DA:296,0
DA:304,0
FN:304,BatchRegistry.batchExists
FNDA:0,BatchRegistry.batchExists
DA:305,0
DA:312,0
FN:312,BatchRegistry.getCurrentStateRoot
FNDA:0,BatchRegistry.getCurrentStateRoot
DA:313,0
DA:321,2
FN:321,BatchRegistry.canFinalizeBatch
FNDA:2,BatchRegistry.canFinalizeBatch
DA:322,2
DA:324,2
BRDA:324,23,0,-
DA:325,2
BRDA:325,24,0,1
DA:326,1
BRDA:326,25,0,-
DA:328,1
DA:336,0
FN:336,BatchRegistry.timeUntilFinalization
FNDA:0,BatchRegistry.timeUntilFinalization
DA:337,0
DA:339,0
BRDA:339,26,0,-
DA:341,0
DA:342,0
BRDA:342,27,0,-
DA:344,0
DA:354,2
FN:354,BatchRegistry.updateSequencer
FNDA:2,BatchRegistry.updateSequencer
DA:355,1
BRDA:355,28,0,-
BRDA:355,28,1,1
DA:356,1
DA:357,1
DA:358,1
DA:366,0
FN:366,BatchRegistry.updateVerifier
FNDA:0,BatchRegistry.updateVerifier
DA:367,0
BRDA:367,29,0,-
BRDA:367,29,1,-
DA:368,0
DA:376,0
FN:376,BatchRegistry.updateFinalizationDelay
FNDA:0,BatchRegistry.updateFinalizationDelay
DA:377,0
BRDA:377,30,0,-
BRDA:377,30,1,-
DA:381,0
DA:382,0
DA:383,0
DA:390,3
FN:390,BatchRegistry.pause
FNDA:3,BatchRegistry.pause
DA:391,2
BRDA:391,31,0,-
BRDA:391,31,1,2
DA:392,2
DA:393,2
DA:400,1
FN:400,BatchRegistry.unpause
FNDA:1,BatchRegistry.unpause
DA:401,1
BRDA:401,32,0,-
BRDA:401,32,1,1
DA:402,1
DA:403,1
DA:411,0
FN:411,BatchRegistry.transferOwnership
FNDA:0,BatchRegistry.transferOwnership
DA:412,0
BRDA:412,33,0,-
BRDA:412,33,1,-
DA:413,0
DA:414,0
DA:415,0
FNF:22
FNH:14
LF:104
LH:77
BRF:62
BRH:40
end_of_record
TN:
SF:src/StateManager.sol
DA:54,2
FN:54,StateManager.onlyOwner
FNDA:2,StateManager.onlyOwner
DA:55,2
DA:60,132916
FN:60,StateManager.whenNotPaused
FNDA:132916,StateManager.whenNotPaused
DA:61,132916
DA:66,132950
FN:66,StateManager._onlyOwner
FNDA:132950,StateManager._onlyOwner
DA:67,132950
BRDA:67,0,0,3
BRDA:67,0,1,132947
DA:71,132916
FN:71,StateManager._whenNotPaused
FNDA:132916,StateManager._whenNotPaused
DA:72,132916
BRDA:72,1,0,1
BRDA:72,1,1,132915
DA:77,44
FN:77,StateManager.constructor
FNDA:44,StateManager.constructor
DA:78,44
BRDA:78,2,0,1
BRDA:78,2,1,43
DA:80,43
DA:81,43
DA:82,43
DA:83,43
DA:84,43
DA:85,43
DA:87,43
DA:101,132917
FN:101,StateManager.updateStateRoot
FNDA:132917,StateManager.updateStateRoot
DA:102,132915
BRDA:102,3,0,1
BRDA:102,3,1,132914
DA:103,132914
BRDA:103,4,0,1
BRDA:103,4,1,132913
DA:104,132913
BRDA:104,5,0,-
BRDA:104,5,1,132913
DA:105,132913
BRDA:105,6,0,1
BRDA:105,6,1,132912
DA:108,132912
BRDA:108,7,0,-
BRDA:108,7,1,132912
DA:114,132912
BRDA:114,8,0,132912
DA:115,132912
DA:118,132912
DA:119,132912
DA:120,132912
DA:121,132912
DA:123,132912
DA:134,525
FN:134,StateManager.validateStateRoot
FNDA:525,StateManager.validateStateRoot
DA:135,525
DA:143,2
FN:143,StateManager.getStateRoot
FNDA:2,StateManager.getStateRoot
DA:144,2
DA:152,1
FN:152,StateManager.getBatchNumber
FNDA:1,StateManager.getBatchNumber
DA:153,1
DA:160,1548
FN:160,StateManager.getCurrentStateRoot
FNDA:1548,StateManager.getCurrentStateRoot
DA:161,1548
DA:169,3
FN:169,StateManager.stateRootExists
FNDA:3,StateManager.stateRootExists
DA:171,3
BRDA:171,9,0,1
DA:172,1
DA:175,2
DA:176,2
DA:183,0
FN:183,StateManager.getLastFinalizedBatch
FNDA:0,StateManager.getLastFinalizedBatch
DA:184,0
DA:191,5
FN:191,StateManager.pause
FNDA:5,StateManager.pause
DA:192,4
BRDA:192,10,0,1
BRDA:192,10,1,3
DA:193,3
DA:194,3
DA:201,2
FN:201,StateManager.unpause
FNDA:2,StateManager.unpause
DA:202,2
BRDA:202,11,0,1
BRDA:202,11,1,1
DA:203,1
DA:204,1
DA:212,26
FN:212,StateManager.transferOwnership
FNDA:26,StateManager.transferOwnership
DA:213,25
BRDA:213,12,0,1
BRDA:213,12,1,24
DA:214,24
DA:215,24
DA:216,24
FNF:15
FNH:14
LF:58
LH:56
BRF:24
BRH:22
end_of_record
TN:
SF:src/mocks/MockVerifier.sol
DA:33,771
FN:33,MockVerifier.verifyProof
FNDA:771,MockVerifier.verifyProof
DA:45,771
DA:52,0
FN:52,MockVerifier.getVerificationKeyHash
FNDA:0,MockVerifier.getVerificationKeyHash
DA:53,0
DA:60,0
FN:60,MockVerifier.getCircuitSize
FNDA:0,MockVerifier.getCircuitSize
DA:61,0
DA:68,0
FN:68,MockVerifier.getMaxBatchSize
FNDA:0,MockVerifier.getMaxBatchSize
DA:69,0
DA:77,1
FN:77,MockVerifier.setVerificationResult
FNDA:1,MockVerifier.setVerificationResult
DA:78,1
FNF:5
FNH:2
LF:10
LH:4
BRF:0
BRH:0
end_of_record
